{"E:\\2020\\assignments\\unibuddy\\booklist\\src\\App.js": {"path":"E:\\2020\\assignments\\unibuddy\\booklist\\src\\App.js","statementMap":{"0":{"start":{"line":7,"column":28},"end":{"line":7,"column":40}},"1":{"start":{"line":8,"column":26},"end":{"line":11,"column":5}},"2":{"start":{"line":8,"column":36},"end":{"line":11,"column":5}},"3":{"start":{"line":9,"column":4},"end":{"line":11,"column":5}},"4":{"start":{"line":10,"column":6},"end":{"line":10,"column":74}},"5":{"start":{"line":10,"column":27},"end":{"line":10,"column":46}},"6":{"start":{"line":12,"column":2},"end":{"line":17,"column":4}}},"fnMap":{"0":{"name":"App","decl":{"start":{"line":6,"column":9},"end":{"line":6,"column":12}},"loc":{"start":{"line":6,"column":15},"end":{"line":18,"column":1}},"line":6},"1":{"name":"(anonymous_1)","decl":{"start":{"line":8,"column":26},"end":{"line":8,"column":27}},"loc":{"start":{"line":8,"column":36},"end":{"line":11,"column":5}},"line":8},"2":{"name":"(anonymous_2)","decl":{"start":{"line":8,"column":36},"end":{"line":8,"column":37}},"loc":{"start":{"line":9,"column":4},"end":{"line":11,"column":5}},"line":9},"3":{"name":"(anonymous_3)","decl":{"start":{"line":9,"column":13},"end":{"line":9,"column":14}},"loc":{"start":{"line":10,"column":6},"end":{"line":10,"column":74}},"line":10},"4":{"name":"(anonymous_4)","decl":{"start":{"line":10,"column":17},"end":{"line":10,"column":18}},"loc":{"start":{"line":10,"column":27},"end":{"line":10,"column":46}},"line":10}},"branchMap":{"0":{"loc":{"start":{"line":10,"column":6},"end":{"line":10,"column":74}},"type":"cond-expr","locations":[{"start":{"line":10,"column":50},"end":{"line":10,"column":55}},{"start":{"line":10,"column":58},"end":{"line":10,"column":74}}],"line":10}},"s":{"0":2,"1":2,"2":0,"3":0,"4":0,"5":0,"6":2},"f":{"0":2,"1":0,"2":0,"3":0,"4":0},"b":{"0":[0,0]},"_coverageSchema":"43e27e138ebf9cfc5966b082cf9a028302ed4184","hash":"0819d3a157dade1bce2289a92e58d35c10984e24"}
,"E:\\2020\\assignments\\unibuddy\\booklist\\src\\index.js": {"path":"E:\\2020\\assignments\\unibuddy\\booklist\\src\\index.js","statementMap":{"0":{"start":{"line":7,"column":0},"end":{"line":12,"column":2}},"1":{"start":{"line":17,"column":0},"end":{"line":17,"column":27}}},"fnMap":{},"branchMap":{},"s":{"0":0,"1":0},"f":{},"b":{},"hash":"efc9030b81f9222999416fe7c0058622d03c8eef"}
,"E:\\2020\\assignments\\unibuddy\\booklist\\src\\serviceWorker.js": {"path":"E:\\2020\\assignments\\unibuddy\\booklist\\src\\serviceWorker.js","statementMap":{"0":{"start":{"line":13,"column":20},"end":{"line":21,"column":1}},"1":{"start":{"line":24,"column":2},"end":{"line":54,"column":3}},"2":{"start":{"line":26,"column":22},"end":{"line":26,"column":75}},"3":{"start":{"line":27,"column":4},"end":{"line":32,"column":5}},"4":{"start":{"line":31,"column":6},"end":{"line":31,"column":13}},"5":{"start":{"line":34,"column":4},"end":{"line":53,"column":7}},"6":{"start":{"line":35,"column":20},"end":{"line":35,"column":65}},"7":{"start":{"line":37,"column":6},"end":{"line":52,"column":7}},"8":{"start":{"line":39,"column":8},"end":{"line":39,"column":47}},"9":{"start":{"line":43,"column":8},"end":{"line":48,"column":11}},"10":{"start":{"line":44,"column":10},"end":{"line":47,"column":12}},"11":{"start":{"line":51,"column":8},"end":{"line":51,"column":39}},"12":{"start":{"line":58,"column":2},"end":{"line":98,"column":7}},"13":{"start":{"line":61,"column":6},"end":{"line":94,"column":8}},"14":{"start":{"line":62,"column":33},"end":{"line":62,"column":56}},"15":{"start":{"line":63,"column":8},"end":{"line":65,"column":9}},"16":{"start":{"line":64,"column":10},"end":{"line":64,"column":17}},"17":{"start":{"line":66,"column":8},"end":{"line":93,"column":10}},"18":{"start":{"line":67,"column":10},"end":{"line":92,"column":11}},"19":{"start":{"line":68,"column":12},"end":{"line":91,"column":13}},"20":{"start":{"line":72,"column":14},"end":{"line":75,"column":16}},"21":{"start":{"line":78,"column":14},"end":{"line":80,"column":15}},"22":{"start":{"line":79,"column":16},"end":{"line":79,"column":46}},"23":{"start":{"line":85,"column":14},"end":{"line":85,"column":64}},"24":{"start":{"line":88,"column":14},"end":{"line":90,"column":15}},"25":{"start":{"line":89,"column":16},"end":{"line":89,"column":47}},"26":{"start":{"line":97,"column":6},"end":{"line":97,"column":72}},"27":{"start":{"line":103,"column":2},"end":{"line":128,"column":7}},"28":{"start":{"line":108,"column":26},"end":{"line":108,"column":62}},"29":{"start":{"line":109,"column":6},"end":{"line":122,"column":7}},"30":{"start":{"line":114,"column":8},"end":{"line":118,"column":11}},"31":{"start":{"line":115,"column":10},"end":{"line":117,"column":13}},"32":{"start":{"line":116,"column":12},"end":{"line":116,"column":37}},"33":{"start":{"line":121,"column":8},"end":{"line":121,"column":39}},"34":{"start":{"line":125,"column":6},"end":{"line":127,"column":8}},"35":{"start":{"line":132,"column":2},"end":{"line":140,"column":3}},"36":{"start":{"line":133,"column":4},"end":{"line":139,"column":9}},"37":{"start":{"line":135,"column":8},"end":{"line":135,"column":34}},"38":{"start":{"line":138,"column":8},"end":{"line":138,"column":37}}},"fnMap":{"0":{"name":"register","decl":{"start":{"line":23,"column":16},"end":{"line":23,"column":24}},"loc":{"start":{"line":23,"column":33},"end":{"line":55,"column":1}},"line":23},"1":{"name":"(anonymous_1)","decl":{"start":{"line":34,"column":36},"end":{"line":34,"column":37}},"loc":{"start":{"line":34,"column":42},"end":{"line":53,"column":5}},"line":34},"2":{"name":"(anonymous_2)","decl":{"start":{"line":43,"column":43},"end":{"line":43,"column":44}},"loc":{"start":{"line":43,"column":49},"end":{"line":48,"column":9}},"line":43},"3":{"name":"registerValidSW","decl":{"start":{"line":57,"column":9},"end":{"line":57,"column":24}},"loc":{"start":{"line":57,"column":40},"end":{"line":99,"column":1}},"line":57},"4":{"name":"(anonymous_4)","decl":{"start":{"line":60,"column":10},"end":{"line":60,"column":11}},"loc":{"start":{"line":60,"column":26},"end":{"line":95,"column":5}},"line":60},"5":{"name":"(anonymous_5)","decl":{"start":{"line":61,"column":35},"end":{"line":61,"column":36}},"loc":{"start":{"line":61,"column":41},"end":{"line":94,"column":7}},"line":61},"6":{"name":"(anonymous_6)","decl":{"start":{"line":66,"column":41},"end":{"line":66,"column":42}},"loc":{"start":{"line":66,"column":47},"end":{"line":93,"column":9}},"line":66},"7":{"name":"(anonymous_7)","decl":{"start":{"line":96,"column":11},"end":{"line":96,"column":12}},"loc":{"start":{"line":96,"column":20},"end":{"line":98,"column":5}},"line":96},"8":{"name":"checkValidServiceWorker","decl":{"start":{"line":101,"column":9},"end":{"line":101,"column":32}},"loc":{"start":{"line":101,"column":48},"end":{"line":129,"column":1}},"line":101},"9":{"name":"(anonymous_9)","decl":{"start":{"line":106,"column":10},"end":{"line":106,"column":11}},"loc":{"start":{"line":106,"column":22},"end":{"line":123,"column":5}},"line":106},"10":{"name":"(anonymous_10)","decl":{"start":{"line":114,"column":43},"end":{"line":114,"column":44}},"loc":{"start":{"line":114,"column":59},"end":{"line":118,"column":9}},"line":114},"11":{"name":"(anonymous_11)","decl":{"start":{"line":115,"column":41},"end":{"line":115,"column":42}},"loc":{"start":{"line":115,"column":47},"end":{"line":117,"column":11}},"line":115},"12":{"name":"(anonymous_12)","decl":{"start":{"line":124,"column":11},"end":{"line":124,"column":12}},"loc":{"start":{"line":124,"column":17},"end":{"line":128,"column":5}},"line":124},"13":{"name":"unregister","decl":{"start":{"line":131,"column":16},"end":{"line":131,"column":26}},"loc":{"start":{"line":131,"column":29},"end":{"line":141,"column":1}},"line":131},"14":{"name":"(anonymous_14)","decl":{"start":{"line":134,"column":12},"end":{"line":134,"column":13}},"loc":{"start":{"line":134,"column":28},"end":{"line":136,"column":7}},"line":134},"15":{"name":"(anonymous_15)","decl":{"start":{"line":137,"column":13},"end":{"line":137,"column":14}},"loc":{"start":{"line":137,"column":22},"end":{"line":139,"column":7}},"line":137}},"branchMap":{"0":{"loc":{"start":{"line":14,"column":2},"end":{"line":20,"column":5}},"type":"binary-expr","locations":[{"start":{"line":14,"column":2},"end":{"line":14,"column":42}},{"start":{"line":16,"column":4},"end":{"line":16,"column":40}},{"start":{"line":18,"column":4},"end":{"line":20,"column":5}}],"line":14},"1":{"loc":{"start":{"line":24,"column":2},"end":{"line":54,"column":3}},"type":"if","locations":[{"start":{"line":24,"column":2},"end":{"line":54,"column":3}},{"start":{"line":24,"column":2},"end":{"line":54,"column":3}}],"line":24},"2":{"loc":{"start":{"line":24,"column":6},"end":{"line":24,"column":75}},"type":"binary-expr","locations":[{"start":{"line":24,"column":6},"end":{"line":24,"column":43}},{"start":{"line":24,"column":47},"end":{"line":24,"column":75}}],"line":24},"3":{"loc":{"start":{"line":27,"column":4},"end":{"line":32,"column":5}},"type":"if","locations":[{"start":{"line":27,"column":4},"end":{"line":32,"column":5}},{"start":{"line":27,"column":4},"end":{"line":32,"column":5}}],"line":27},"4":{"loc":{"start":{"line":37,"column":6},"end":{"line":52,"column":7}},"type":"if","locations":[{"start":{"line":37,"column":6},"end":{"line":52,"column":7}},{"start":{"line":37,"column":6},"end":{"line":52,"column":7}}],"line":37},"5":{"loc":{"start":{"line":63,"column":8},"end":{"line":65,"column":9}},"type":"if","locations":[{"start":{"line":63,"column":8},"end":{"line":65,"column":9}},{"start":{"line":63,"column":8},"end":{"line":65,"column":9}}],"line":63},"6":{"loc":{"start":{"line":67,"column":10},"end":{"line":92,"column":11}},"type":"if","locations":[{"start":{"line":67,"column":10},"end":{"line":92,"column":11}},{"start":{"line":67,"column":10},"end":{"line":92,"column":11}}],"line":67},"7":{"loc":{"start":{"line":68,"column":12},"end":{"line":91,"column":13}},"type":"if","locations":[{"start":{"line":68,"column":12},"end":{"line":91,"column":13}},{"start":{"line":68,"column":12},"end":{"line":91,"column":13}}],"line":68},"8":{"loc":{"start":{"line":78,"column":14},"end":{"line":80,"column":15}},"type":"if","locations":[{"start":{"line":78,"column":14},"end":{"line":80,"column":15}},{"start":{"line":78,"column":14},"end":{"line":80,"column":15}}],"line":78},"9":{"loc":{"start":{"line":78,"column":18},"end":{"line":78,"column":43}},"type":"binary-expr","locations":[{"start":{"line":78,"column":18},"end":{"line":78,"column":24}},{"start":{"line":78,"column":28},"end":{"line":78,"column":43}}],"line":78},"10":{"loc":{"start":{"line":88,"column":14},"end":{"line":90,"column":15}},"type":"if","locations":[{"start":{"line":88,"column":14},"end":{"line":90,"column":15}},{"start":{"line":88,"column":14},"end":{"line":90,"column":15}}],"line":88},"11":{"loc":{"start":{"line":88,"column":18},"end":{"line":88,"column":44}},"type":"binary-expr","locations":[{"start":{"line":88,"column":18},"end":{"line":88,"column":24}},{"start":{"line":88,"column":28},"end":{"line":88,"column":44}}],"line":88},"12":{"loc":{"start":{"line":109,"column":6},"end":{"line":122,"column":7}},"type":"if","locations":[{"start":{"line":109,"column":6},"end":{"line":122,"column":7}},{"start":{"line":109,"column":6},"end":{"line":122,"column":7}}],"line":109},"13":{"loc":{"start":{"line":110,"column":8},"end":{"line":111,"column":73}},"type":"binary-expr","locations":[{"start":{"line":110,"column":8},"end":{"line":110,"column":31}},{"start":{"line":111,"column":9},"end":{"line":111,"column":28}},{"start":{"line":111,"column":32},"end":{"line":111,"column":72}}],"line":110},"14":{"loc":{"start":{"line":132,"column":2},"end":{"line":140,"column":3}},"type":"if","locations":[{"start":{"line":132,"column":2},"end":{"line":140,"column":3}},{"start":{"line":132,"column":2},"end":{"line":140,"column":3}}],"line":132}},"s":{"0":0,"1":0,"2":0,"3":0,"4":0,"5":0,"6":0,"7":0,"8":0,"9":0,"10":0,"11":0,"12":0,"13":0,"14":0,"15":0,"16":0,"17":0,"18":0,"19":0,"20":0,"21":0,"22":0,"23":0,"24":0,"25":0,"26":0,"27":0,"28":0,"29":0,"30":0,"31":0,"32":0,"33":0,"34":0,"35":0,"36":0,"37":0,"38":0},"f":{"0":0,"1":0,"2":0,"3":0,"4":0,"5":0,"6":0,"7":0,"8":0,"9":0,"10":0,"11":0,"12":0,"13":0,"14":0,"15":0},"b":{"0":[0,0,0],"1":[0,0],"2":[0,0],"3":[0,0],"4":[0,0],"5":[0,0],"6":[0,0],"7":[0,0],"8":[0,0],"9":[0,0],"10":[0,0],"11":[0,0],"12":[0,0],"13":[0,0,0],"14":[0,0]},"hash":"9dc037aa993ce7bdd25ddf00998103b9e270defc"}
,"E:\\2020\\assignments\\unibuddy\\booklist\\src\\components\\auto-complete\\index.js": {"path":"E:\\2020\\assignments\\unibuddy\\booklist\\src\\components\\auto-complete\\index.js","statementMap":{"0":{"start":{"line":11,"column":38},"end":{"line":11,"column":50}},"1":{"start":{"line":14,"column":32},"end":{"line":14,"column":44}},"2":{"start":{"line":17,"column":30},"end":{"line":17,"column":59}},"3":{"start":{"line":20,"column":2},"end":{"line":28,"column":35}},"4":{"start":{"line":22,"column":4},"end":{"line":27,"column":5}},"5":{"start":{"line":23,"column":20},"end":{"line":23,"column":64}},"6":{"start":{"line":24,"column":6},"end":{"line":24,"column":47}},"7":{"start":{"line":26,"column":6},"end":{"line":26,"column":21}},"8":{"start":{"line":30,"column":23},"end":{"line":32,"column":8}},"9":{"start":{"line":31,"column":4},"end":{"line":31,"column":25}},"10":{"start":{"line":33,"column":2},"end":{"line":51,"column":4}}},"fnMap":{"0":{"name":"AutoComplete","decl":{"start":{"line":9,"column":9},"end":{"line":9,"column":21}},"loc":{"start":{"line":9,"column":50},"end":{"line":52,"column":1}},"line":9},"1":{"name":"(anonymous_1)","decl":{"start":{"line":20,"column":12},"end":{"line":20,"column":13}},"loc":{"start":{"line":20,"column":18},"end":{"line":28,"column":3}},"line":20},"2":{"name":"(anonymous_2)","decl":{"start":{"line":30,"column":35},"end":{"line":30,"column":36}},"loc":{"start":{"line":30,"column":46},"end":{"line":32,"column":3}},"line":30}},"branchMap":{"0":{"loc":{"start":{"line":22,"column":4},"end":{"line":27,"column":5}},"type":"if","locations":[{"start":{"line":22,"column":4},"end":{"line":27,"column":5}},{"start":{"line":22,"column":4},"end":{"line":27,"column":5}}],"line":22}},"s":{"0":11,"1":11,"2":11,"3":11,"4":5,"5":0,"6":0,"7":5,"8":11,"9":0,"10":11},"f":{"0":11,"1":5,"2":0},"b":{"0":[0,5]},"_coverageSchema":"43e27e138ebf9cfc5966b082cf9a028302ed4184","hash":"4c38b637136b7aae07092f6ed32dadb1de7b20ee"}
,"E:\\2020\\assignments\\unibuddy\\booklist\\src\\components\\auto-complete\\suggestion-list.js": {"path":"E:\\2020\\assignments\\unibuddy\\booklist\\src\\components\\auto-complete\\suggestion-list.js","statementMap":{"0":{"start":{"line":5,"column":2},"end":{"line":12,"column":4}}},"fnMap":{"0":{"name":"SuggestionList","decl":{"start":{"line":4,"column":24},"end":{"line":4,"column":38}},"loc":{"start":{"line":4,"column":66},"end":{"line":13,"column":1}},"line":4}},"branchMap":{},"s":{"0":11},"f":{"0":11},"b":{},"_coverageSchema":"43e27e138ebf9cfc5966b082cf9a028302ed4184","hash":"cae5f148e8c28aa242b00e6c9adff27433e40d3d"}
,"E:\\2020\\assignments\\unibuddy\\booklist\\src\\components\\blocks\\form\\index.js": {"path":"E:\\2020\\assignments\\unibuddy\\booklist\\src\\components\\blocks\\form\\index.js","statementMap":{"0":{"start":{"line":4,"column":2},"end":{"line":15,"column":9}},"1":{"start":{"line":6,"column":6},"end":{"line":6,"column":25}},"2":{"start":{"line":11,"column":23},"end":{"line":11,"column":54}}},"fnMap":{"0":{"name":"(anonymous_0)","decl":{"start":{"line":3,"column":15},"end":{"line":3,"column":16}},"loc":{"start":{"line":4,"column":2},"end":{"line":15,"column":9}},"line":4},"1":{"name":"(anonymous_1)","decl":{"start":{"line":5,"column":14},"end":{"line":5,"column":15}},"loc":{"start":{"line":5,"column":21},"end":{"line":7,"column":5}},"line":5},"2":{"name":"(anonymous_2)","decl":{"start":{"line":11,"column":16},"end":{"line":11,"column":17}},"loc":{"start":{"line":11,"column":23},"end":{"line":11,"column":54}},"line":11}},"branchMap":{},"s":{"0":12,"1":1,"2":1},"f":{"0":12,"1":1,"2":1},"b":{},"_coverageSchema":"43e27e138ebf9cfc5966b082cf9a028302ed4184","hash":"9d4e4efebd603611df197d951a59650b9a187652"}
,"E:\\2020\\assignments\\unibuddy\\booklist\\src\\components\\blocks\\list-items\\index.js": {"path":"E:\\2020\\assignments\\unibuddy\\booklist\\src\\components\\blocks\\list-items\\index.js","statementMap":{"0":{"start":{"line":11,"column":2},"end":{"line":19,"column":3}},"1":{"start":{"line":12,"column":4},"end":{"line":18,"column":6}},"2":{"start":{"line":20,"column":2},"end":{"line":32,"column":4}},"3":{"start":{"line":23,"column":8},"end":{"line":29,"column":13}}},"fnMap":{"0":{"name":"Listing","decl":{"start":{"line":4,"column":24},"end":{"line":4,"column":31}},"loc":{"start":{"line":10,"column":3},"end":{"line":33,"column":1}},"line":10},"1":{"name":"(anonymous_1)","decl":{"start":{"line":22,"column":17},"end":{"line":22,"column":18}},"loc":{"start":{"line":23,"column":8},"end":{"line":29,"column":13}},"line":23}},"branchMap":{"0":{"loc":{"start":{"line":11,"column":2},"end":{"line":19,"column":3}},"type":"if","locations":[{"start":{"line":11,"column":2},"end":{"line":19,"column":3}},{"start":{"line":11,"column":2},"end":{"line":19,"column":3}}],"line":11},"1":{"loc":{"start":{"line":11,"column":6},"end":{"line":11,"column":34}},"type":"binary-expr","locations":[{"start":{"line":11,"column":6},"end":{"line":11,"column":10}},{"start":{"line":11,"column":14},"end":{"line":11,"column":34}}],"line":11}},"s":{"0":12,"1":1,"2":11,"3":1},"f":{"0":12,"1":1},"b":{"0":[1,11],"1":[12,1]},"_coverageSchema":"43e27e138ebf9cfc5966b082cf9a028302ed4184","hash":"1038dfc03b0d7ea5087ca7c7571e12726fc53ecf"}
,"E:\\2020\\assignments\\unibuddy\\booklist\\src\\components\\book-list\\index.js": {"path":"E:\\2020\\assignments\\unibuddy\\booklist\\src\\components\\book-list\\index.js","statementMap":{"0":{"start":{"line":6,"column":2},"end":{"line":20,"column":4}},"1":{"start":{"line":9,"column":8},"end":{"line":17,"column":14}}},"fnMap":{"0":{"name":"BookList","decl":{"start":{"line":5,"column":9},"end":{"line":5,"column":17}},"loc":{"start":{"line":5,"column":29},"end":{"line":21,"column":1}},"line":5},"1":{"name":"(anonymous_1)","decl":{"start":{"line":8,"column":18},"end":{"line":8,"column":19}},"loc":{"start":{"line":9,"column":8},"end":{"line":17,"column":14}},"line":9}},"branchMap":{},"s":{"0":2,"1":1},"f":{"0":2,"1":1},"b":{},"_coverageSchema":"43e27e138ebf9cfc5966b082cf9a028302ed4184","hash":"d0a292520d36198d21ddb8e307642a59ab43ddd6"}
,"E:\\2020\\assignments\\unibuddy\\booklist\\src\\components\\search-box\\index.js": {"path":"E:\\2020\\assignments\\unibuddy\\booklist\\src\\components\\search-box\\index.js","statementMap":{"0":{"start":{"line":7,"column":16},"end":{"line":7,"column":17}},"1":{"start":{"line":8,"column":2},"end":{"line":12,"column":4}}},"fnMap":{"0":{"name":"SearchBox","decl":{"start":{"line":6,"column":9},"end":{"line":6,"column":18}},"loc":{"start":{"line":6,"column":40},"end":{"line":13,"column":1}},"line":6}},"branchMap":{},"s":{"0":2,"1":2},"f":{"0":2},"b":{},"_coverageSchema":"43e27e138ebf9cfc5966b082cf9a028302ed4184","hash":"2218f846625156dd7d24f954ef9d14551fe1cc9b"}
,"E:\\2020\\assignments\\unibuddy\\booklist\\src\\custom-hooks\\index.js": {"path":"E:\\2020\\assignments\\unibuddy\\booklist\\src\\custom-hooks\\index.js","statementMap":{},"fnMap":{},"branchMap":{},"s":{},"f":{},"b":{},"_coverageSchema":"43e27e138ebf9cfc5966b082cf9a028302ed4184","hash":"0767692b6a68d2dabc426925e9757cdb4ed18f45"}
,"E:\\2020\\assignments\\unibuddy\\booklist\\src\\custom-hooks\\useDebounce.js": {"path":"E:\\2020\\assignments\\unibuddy\\booklist\\src\\custom-hooks\\useDebounce.js","statementMap":{"0":{"start":{"line":6,"column":46},"end":{"line":6,"column":61}},"1":{"start":{"line":8,"column":2},"end":{"line":23,"column":4}},"2":{"start":{"line":11,"column":22},"end":{"line":13,"column":15}},"3":{"start":{"line":12,"column":8},"end":{"line":12,"column":33}},"4":{"start":{"line":15,"column":6},"end":{"line":17,"column":8}},"5":{"start":{"line":16,"column":8},"end":{"line":16,"column":30}},"6":{"start":{"line":25,"column":2},"end":{"line":25,"column":24}}},"fnMap":{"0":{"name":"useDebounce","decl":{"start":{"line":4,"column":24},"end":{"line":4,"column":35}},"loc":{"start":{"line":4,"column":50},"end":{"line":26,"column":1}},"line":4},"1":{"name":"(anonymous_1)","decl":{"start":{"line":9,"column":4},"end":{"line":9,"column":5}},"loc":{"start":{"line":9,"column":10},"end":{"line":18,"column":5}},"line":9},"2":{"name":"(anonymous_2)","decl":{"start":{"line":11,"column":33},"end":{"line":11,"column":34}},"loc":{"start":{"line":11,"column":39},"end":{"line":13,"column":7}},"line":11},"3":{"name":"(anonymous_3)","decl":{"start":{"line":15,"column":13},"end":{"line":15,"column":14}},"loc":{"start":{"line":15,"column":19},"end":{"line":17,"column":7}},"line":15}},"branchMap":{},"s":{"0":13,"1":13,"2":6,"3":0,"4":6,"5":1,"6":13},"f":{"0":13,"1":6,"2":0,"3":1},"b":{},"_coverageSchema":"43e27e138ebf9cfc5966b082cf9a028302ed4184","hash":"991a2131e2dd375060e9bd5366451661780a88e2"}
,"E:\\2020\\assignments\\unibuddy\\booklist\\src\\utility\\index.js": {"path":"E:\\2020\\assignments\\unibuddy\\booklist\\src\\utility\\index.js","statementMap":{},"fnMap":{},"branchMap":{},"s":{},"f":{},"b":{},"_coverageSchema":"43e27e138ebf9cfc5966b082cf9a028302ed4184","hash":"77cb66ee9842da13a6e0f426a8aef1b40bcf33a2"}
,"E:\\2020\\assignments\\unibuddy\\booklist\\src\\utility\\auto-suggestion\\index.js": {"path":"E:\\2020\\assignments\\unibuddy\\booklist\\src\\utility\\auto-suggestion\\index.js","statementMap":{"0":{"start":{"line":2,"column":2},"end":{"line":2,"column":30}}},"fnMap":{"0":{"name":"autoSuggestion","decl":{"start":{"line":1,"column":24},"end":{"line":1,"column":38}},"loc":{"start":{"line":1,"column":52},"end":{"line":3,"column":1}},"line":1}},"branchMap":{},"s":{"0":2},"f":{"0":2},"b":{},"_coverageSchema":"43e27e138ebf9cfc5966b082cf9a028302ed4184","hash":"e68b0a7701c98c65aaad49fdcb0db9e586623a31"}
,"E:\\2020\\assignments\\unibuddy\\booklist\\src\\utility\\auto-suggestion\\__test__\\books.js": {"path":"E:\\2020\\assignments\\unibuddy\\booklist\\src\\utility\\auto-suggestion\\__test__\\books.js","statementMap":{"0":{"start":{"line":4,"column":38},"end":{"line":12,"column":1}},"1":{"start":{"line":5,"column":17},"end":{"line":5,"column":48}},"2":{"start":{"line":6,"column":18},"end":{"line":6,"column":50}},"3":{"start":{"line":7,"column":2},"end":{"line":11,"column":6}},"4":{"start":{"line":7,"column":67},"end":{"line":11,"column":3}},"5":{"start":{"line":14,"column":33},"end":{"line":14,"column":43}},"6":{"start":{"line":14,"column":39},"end":{"line":14,"column":43}}},"fnMap":{"0":{"name":"(anonymous_0)","decl":{"start":{"line":4,"column":38},"end":{"line":4,"column":39}},"loc":{"start":{"line":4,"column":44},"end":{"line":12,"column":1}},"line":4},"1":{"name":"(anonymous_1)","decl":{"start":{"line":7,"column":49},"end":{"line":7,"column":50}},"loc":{"start":{"line":7,"column":67},"end":{"line":11,"column":3}},"line":7},"2":{"name":"(anonymous_2)","decl":{"start":{"line":14,"column":33},"end":{"line":14,"column":34}},"loc":{"start":{"line":14,"column":39},"end":{"line":14,"column":43}},"line":14}},"branchMap":{},"s":{"0":1,"1":2,"2":2,"3":2,"4":110,"5":1,"6":2},"f":{"0":2,"1":110,"2":2},"b":{},"_coverageSchema":"43e27e138ebf9cfc5966b082cf9a028302ed4184","hash":"93c7a38fba36e34b0c78ccedb8a2bf6b5e5289d7"}
,"E:\\2020\\assignments\\unibuddy\\booklist\\src\\utility\\search\\constant.js": {"path":"E:\\2020\\assignments\\unibuddy\\booklist\\src\\utility\\search\\constant.js","statementMap":{},"fnMap":{},"branchMap":{},"s":{},"f":{},"b":{},"_coverageSchema":"43e27e138ebf9cfc5966b082cf9a028302ed4184","hash":"7da44fdb99e2aee7d743fb0b100e7d3f375266bc"}
,"E:\\2020\\assignments\\unibuddy\\booklist\\src\\utility\\search\\data.js": {"path":"E:\\2020\\assignments\\unibuddy\\booklist\\src\\utility\\search\\data.js","statementMap":{"0":{"start":{"line":3,"column":23},"end":{"line":3,"column":41}},"1":{"start":{"line":3,"column":32},"end":{"line":3,"column":41}}},"fnMap":{"0":{"name":"(anonymous_0)","decl":{"start":{"line":3,"column":23},"end":{"line":3,"column":24}},"loc":{"start":{"line":3,"column":32},"end":{"line":3,"column":41}},"line":3}},"branchMap":{},"s":{"0":6,"1":66},"f":{"0":66},"b":{},"_coverageSchema":"43e27e138ebf9cfc5966b082cf9a028302ed4184","hash":"4a53305f76889d56c5fab094612d6da4d60b0346"}
,"E:\\2020\\assignments\\unibuddy\\booklist\\src\\utility\\search\\index.js": {"path":"E:\\2020\\assignments\\unibuddy\\booklist\\src\\utility\\search\\index.js","statementMap":{"0":{"start":{"line":5,"column":15},"end":{"line":7,"column":1}},"1":{"start":{"line":6,"column":2},"end":{"line":6,"column":29}},"2":{"start":{"line":12,"column":17},"end":{"line":12,"column":40}},"3":{"start":{"line":13,"column":18},"end":{"line":13,"column":42}},"4":{"start":{"line":16,"column":2},"end":{"line":25,"column":4}},"5":{"start":{"line":18,"column":30},"end":{"line":22,"column":7}},"6":{"start":{"line":24,"column":25},"end":{"line":24,"column":54}}},"fnMap":{"0":{"name":"(anonymous_0)","decl":{"start":{"line":5,"column":15},"end":{"line":5,"column":16}},"loc":{"start":{"line":5,"column":24},"end":{"line":7,"column":1}},"line":5},"1":{"name":"searchBooksByCharacters","decl":{"start":{"line":10,"column":9},"end":{"line":10,"column":32}},"loc":{"start":{"line":10,"column":41},"end":{"line":26,"column":1}},"line":10},"2":{"name":"(anonymous_2)","decl":{"start":{"line":18,"column":12},"end":{"line":18,"column":13}},"loc":{"start":{"line":18,"column":30},"end":{"line":22,"column":7}},"line":18},"3":{"name":"(anonymous_3)","decl":{"start":{"line":24,"column":15},"end":{"line":24,"column":16}},"loc":{"start":{"line":24,"column":25},"end":{"line":24,"column":54}},"line":24}},"branchMap":{},"s":{"0":4,"1":24,"2":8,"3":8,"4":8,"5":440,"6":440},"f":{"0":24,"1":8,"2":440,"3":440},"b":{},"_coverageSchema":"43e27e138ebf9cfc5966b082cf9a028302ed4184","hash":"ad59ad1bf5efffcfae09b91392232c50b19c166b"}
}
