TN:
SF:E:\2020\assignments\unibuddy\booklist\src\App.js
FN:6,App
FN:8,(anonymous_1)
FN:8,(anonymous_2)
FN:9,(anonymous_3)
FN:10,(anonymous_4)
FNF:5
FNH:1
FNDA:2,App
FNDA:0,(anonymous_1)
FNDA:0,(anonymous_2)
FNDA:0,(anonymous_3)
FNDA:0,(anonymous_4)
DA:7,2
DA:8,2
DA:9,0
DA:10,0
DA:12,2
LF:5
LH:3
BRDA:10,0,0,0
BRDA:10,0,1,0
BRF:2
BRH:0
end_of_record
TN:
SF:E:\2020\assignments\unibuddy\booklist\src\index.js
FNF:0
FNH:0
DA:7,0
DA:17,0
LF:2
LH:0
BRF:0
BRH:0
end_of_record
TN:
SF:E:\2020\assignments\unibuddy\booklist\src\serviceWorker.js
FN:23,register
FN:34,(anonymous_1)
FN:43,(anonymous_2)
FN:57,registerValidSW
FN:60,(anonymous_4)
FN:61,(anonymous_5)
FN:66,(anonymous_6)
FN:96,(anonymous_7)
FN:101,checkValidServiceWorker
FN:106,(anonymous_9)
FN:114,(anonymous_10)
FN:115,(anonymous_11)
FN:124,(anonymous_12)
FN:131,unregister
FN:134,(anonymous_14)
FN:137,(anonymous_15)
FNF:16
FNH:0
FNDA:0,register
FNDA:0,(anonymous_1)
FNDA:0,(anonymous_2)
FNDA:0,registerValidSW
FNDA:0,(anonymous_4)
FNDA:0,(anonymous_5)
FNDA:0,(anonymous_6)
FNDA:0,(anonymous_7)
FNDA:0,checkValidServiceWorker
FNDA:0,(anonymous_9)
FNDA:0,(anonymous_10)
FNDA:0,(anonymous_11)
FNDA:0,(anonymous_12)
FNDA:0,unregister
FNDA:0,(anonymous_14)
FNDA:0,(anonymous_15)
DA:13,0
DA:24,0
DA:26,0
DA:27,0
DA:31,0
DA:34,0
DA:35,0
DA:37,0
DA:39,0
DA:43,0
DA:44,0
DA:51,0
DA:58,0
DA:61,0
DA:62,0
DA:63,0
DA:64,0
DA:66,0
DA:67,0
DA:68,0
DA:72,0
DA:78,0
DA:79,0
DA:85,0
DA:88,0
DA:89,0
DA:97,0
DA:103,0
DA:108,0
DA:109,0
DA:114,0
DA:115,0
DA:116,0
DA:121,0
DA:125,0
DA:132,0
DA:133,0
DA:135,0
DA:138,0
LF:39
LH:0
BRDA:14,0,0,0
BRDA:14,0,1,0
BRDA:14,0,2,0
BRDA:24,1,0,0
BRDA:24,1,1,0
BRDA:24,2,0,0
BRDA:24,2,1,0
BRDA:27,3,0,0
BRDA:27,3,1,0
BRDA:37,4,0,0
BRDA:37,4,1,0
BRDA:63,5,0,0
BRDA:63,5,1,0
BRDA:67,6,0,0
BRDA:67,6,1,0
BRDA:68,7,0,0
BRDA:68,7,1,0
BRDA:78,8,0,0
BRDA:78,8,1,0
BRDA:78,9,0,0
BRDA:78,9,1,0
BRDA:88,10,0,0
BRDA:88,10,1,0
BRDA:88,11,0,0
BRDA:88,11,1,0
BRDA:109,12,0,0
BRDA:109,12,1,0
BRDA:110,13,0,0
BRDA:110,13,1,0
BRDA:110,13,2,0
BRDA:132,14,0,0
BRDA:132,14,1,0
BRF:32
BRH:0
end_of_record
TN:
SF:E:\2020\assignments\unibuddy\booklist\src\components\auto-complete\index.js
FN:9,AutoComplete
FN:20,(anonymous_1)
FN:33,(anonymous_2)
FNF:3
FNH:2
FNDA:11,AutoComplete
FNDA:5,(anonymous_1)
FNDA:0,(anonymous_2)
DA:11,11
DA:14,11
DA:17,11
DA:20,11
DA:22,5
DA:23,0
DA:24,0
DA:25,0
DA:26,0
DA:27,0
DA:29,5
DA:33,11
DA:34,0
DA:36,11
LF:14
LH:8
BRDA:22,0,0,0
BRDA:22,0,1,5
BRF:2
BRH:1
end_of_record
TN:
SF:E:\2020\assignments\unibuddy\booklist\src\components\auto-complete\suggestion-list.js
FN:4,SuggestionList
FNF:1
FNH:1
FNDA:11,SuggestionList
DA:5,11
LF:1
LH:1
BRF:0
BRH:0
end_of_record
TN:
SF:E:\2020\assignments\unibuddy\booklist\src\components\blocks\form\index.js
FN:3,(anonymous_0)
FN:5,(anonymous_1)
FN:11,(anonymous_2)
FNF:3
FNH:3
FNDA:12,(anonymous_0)
FNDA:1,(anonymous_1)
FNDA:1,(anonymous_2)
DA:4,12
DA:6,1
DA:11,1
LF:3
LH:3
BRF:0
BRH:0
end_of_record
TN:
SF:E:\2020\assignments\unibuddy\booklist\src\components\blocks\list-items\index.js
FN:5,Listing
FN:23,(anonymous_1)
FNF:2
FNH:2
FNDA:12,Listing
FNDA:1,(anonymous_1)
DA:12,12
DA:13,1
DA:21,11
DA:24,1
LF:4
LH:4
BRDA:12,0,0,1
BRDA:12,0,1,11
BRDA:12,1,0,12
BRDA:12,1,1,1
BRF:4
BRH:4
end_of_record
TN:
SF:E:\2020\assignments\unibuddy\booklist\src\components\blocks\list-items\option.js
FN:3,(anonymous_0)
FNF:1
FNH:1
FNDA:1,(anonymous_0)
DA:4,1
LF:1
LH:1
BRF:0
BRH:0
end_of_record
TN:
SF:E:\2020\assignments\unibuddy\booklist\src\components\book-list\index.js
FN:5,BookList
FN:8,(anonymous_1)
FNF:2
FNH:2
FNDA:2,BookList
FNDA:1,(anonymous_1)
DA:6,2
DA:9,1
LF:2
LH:2
BRF:0
BRH:0
end_of_record
TN:
SF:E:\2020\assignments\unibuddy\booklist\src\components\search-box\index.js
FN:6,SearchBox
FNF:1
FNH:1
FNDA:2,SearchBox
DA:7,2
DA:8,2
LF:2
LH:2
BRF:0
BRH:0
end_of_record
TN:
SF:E:\2020\assignments\unibuddy\booklist\src\custom-hooks\index.js
FNF:0
FNH:0
LF:0
LH:0
BRF:0
BRH:0
end_of_record
TN:
SF:E:\2020\assignments\unibuddy\booklist\src\custom-hooks\useDebounce.js
FN:4,useDebounce
FN:9,(anonymous_1)
FN:11,(anonymous_2)
FN:15,(anonymous_3)
FNF:4
FNH:3
FNDA:13,useDebounce
FNDA:6,(anonymous_1)
FNDA:0,(anonymous_2)
FNDA:1,(anonymous_3)
DA:6,13
DA:8,13
DA:11,6
DA:12,0
DA:15,6
DA:16,1
DA:25,13
LF:7
LH:6
BRF:0
BRH:0
end_of_record
TN:
SF:E:\2020\assignments\unibuddy\booklist\src\utility\index.js
FNF:0
FNH:0
LF:0
LH:0
BRF:0
BRH:0
end_of_record
TN:
SF:E:\2020\assignments\unibuddy\booklist\src\utility\auto-suggestion\index.js
FN:1,autoSuggestion
FNF:1
FNH:1
FNDA:2,autoSuggestion
DA:2,2
LF:1
LH:1
BRDA:2,0,0,2
BRDA:2,0,1,0
BRF:2
BRH:1
end_of_record
TN:
SF:E:\2020\assignments\unibuddy\booklist\src\utility\auto-suggestion\__test__\books.js
FN:4,(anonymous_0)
FN:7,(anonymous_1)
FN:14,(anonymous_2)
FNF:3
FNH:3
FNDA:2,(anonymous_0)
FNDA:110,(anonymous_1)
FNDA:2,(anonymous_2)
DA:4,1
DA:5,2
DA:6,2
DA:7,110
DA:14,2
LF:5
LH:5
BRF:0
BRH:0
end_of_record
TN:
SF:E:\2020\assignments\unibuddy\booklist\src\utility\search\constant.js
FNF:0
FNH:0
LF:0
LH:0
BRF:0
BRH:0
end_of_record
TN:
SF:E:\2020\assignments\unibuddy\booklist\src\utility\search\data.js
FN:3,(anonymous_0)
FNF:1
FNH:1
FNDA:66,(anonymous_0)
DA:3,66
LF:1
LH:1
BRF:0
BRH:0
end_of_record
TN:
SF:E:\2020\assignments\unibuddy\booklist\src\utility\search\index.js
FN:5,(anonymous_0)
FN:28,(anonymous_1)
FN:31,preProcessigStrings
FN:33,(anonymous_3)
FN:35,(anonymous_4)
FN:36,(anonymous_5)
FN:56,(anonymous_6)
FN:61,searchBooksByCharacters
FN:71,(anonymous_8)
FN:73,(anonymous_9)
FNF:10
FNH:10
FNDA:24,(anonymous_0)
FNDA:36064,(anonymous_1)
FNDA:8,preProcessigStrings
FNDA:440,(anonymous_3)
FNDA:440,(anonymous_4)
FNDA:28696,(anonymous_5)
FNDA:8,(anonymous_6)
FNDA:8,searchBooksByCharacters
FNDA:8,(anonymous_8)
FNDA:8,(anonymous_9)
DA:5,4
DA:6,24
DA:28,4
DA:29,36064
DA:32,8
DA:33,440
DA:35,8
DA:36,440
DA:37,28696
DA:38,18032
DA:39,11752
DA:40,18032
DA:41,11752
DA:42,11752
DA:45,10664
DA:53,8
DA:56,4
DA:57,8
DA:58,8
DA:63,8
DA:64,8
DA:65,8
DA:66,8
DA:71,8
DA:72,8
DA:73,7
DA:74,8
DA:75,8
DA:76,8
DA:80,8
LF:30
LH:30
BRDA:29,0,0,23504
BRDA:29,0,1,12560
BRDA:37,1,0,18032
BRDA:37,1,1,10664
BRDA:38,2,0,11752
BRDA:38,2,1,6280
BRDA:40,3,0,11752
BRDA:40,3,1,6280
BRDA:72,4,0,7
BRDA:72,4,1,1
BRDA:80,5,0,7
BRDA:80,5,1,1
BRF:12
BRH:12
end_of_record
